TN:
SF:app.js
FN:3,fetchFoodLogs
FN:11,fetchBathroomLogs
FN:19,addFoodLog
FN:23,addBathroomLog
FN:27,updateFoodLog
FN:31,updateBathroomLog
FN:35,deleteFoodLog
FN:39,deleteBathroomLog
FN:43,fetchFavorites
FN:51,updateFavorite
FN:55,addFavorite
FN:59,deleteFavorite
FN:84,initializeDOMHandlers
FN:113,(anonymous_13)
FN:118,(anonymous_14)
FN:125,(anonymous_15)
FN:161,(anonymous_16)
FN:178,(anonymous_17)
FN:201,(anonymous_18)
FN:222,(anonymous_19)
FN:225,(anonymous_20)
FN:231,(anonymous_21)
FN:237,(anonymous_22)
FN:244,(anonymous_23)
FN:246,(anonymous_24)
FN:272,(anonymous_25)
FN:277,(anonymous_26)
FN:307,(anonymous_27)
FN:310,(anonymous_28)
FN:315,(anonymous_29)
FN:320,(anonymous_30)
FN:324,(anonymous_31)
FN:336,(anonymous_32)
FN:339,(anonymous_33)
FN:361,(anonymous_34)
FN:372,updateFoodTypesDatalist
FN:375,(anonymous_36)
FN:378,(anonymous_37)
FN:383,formatTimestamp
FN:388,createLogEntry
FN:414,updateLogsDisplay
FN:426,(anonymous_41)
FN:432,(anonymous_42)
FN:442,updateTimeline
FN:444,(anonymous_44)
FN:445,(anonymous_45)
FN:446,(anonymous_46)
FN:449,(anonymous_47)
FN:479,(anonymous_48)
FN:480,(anonymous_49)
FN:487,openEditModal
FN:490,(anonymous_51)
FN:491,(anonymous_52)
FN:556,getLocationAndFill
FN:563,(anonymous_54)
FN:567,(anonymous_55)
FN:576,initializeLogs
FN:586,loadFavorites
FN:591,renderFavorites
FN:594,(anonymous_59)
FN:598,(anonymous_60)
FN:617,renderFavoritesForm
FN:619,(anonymous_62)
FN:632,capitalize
FNF:64
FNH:11
FNDA:3,fetchFoodLogs
FNDA:3,fetchBathroomLogs
FNDA:1,addFoodLog
FNDA:1,addBathroomLog
FNDA:0,updateFoodLog
FNDA:0,updateBathroomLog
FNDA:0,deleteFoodLog
FNDA:0,deleteBathroomLog
FNDA:1,fetchFavorites
FNDA:0,updateFavorite
FNDA:1,addFavorite
FNDA:0,deleteFavorite
FNDA:2,initializeDOMHandlers
FNDA:0,(anonymous_13)
FNDA:0,(anonymous_14)
FNDA:0,(anonymous_15)
FNDA:0,(anonymous_16)
FNDA:0,(anonymous_17)
FNDA:0,(anonymous_18)
FNDA:0,(anonymous_19)
FNDA:0,(anonymous_20)
FNDA:0,(anonymous_21)
FNDA:0,(anonymous_22)
FNDA:0,(anonymous_23)
FNDA:0,(anonymous_24)
FNDA:0,(anonymous_25)
FNDA:0,(anonymous_26)
FNDA:0,(anonymous_27)
FNDA:0,(anonymous_28)
FNDA:0,(anonymous_29)
FNDA:0,(anonymous_30)
FNDA:0,(anonymous_31)
FNDA:0,(anonymous_32)
FNDA:0,(anonymous_33)
FNDA:0,(anonymous_34)
FNDA:0,updateFoodTypesDatalist
FNDA:0,(anonymous_36)
FNDA:0,(anonymous_37)
FNDA:1,formatTimestamp
FNDA:0,createLogEntry
FNDA:2,updateLogsDisplay
FNDA:0,(anonymous_41)
FNDA:0,(anonymous_42)
FNDA:0,updateTimeline
FNDA:0,(anonymous_44)
FNDA:0,(anonymous_45)
FNDA:0,(anonymous_46)
FNDA:0,(anonymous_47)
FNDA:0,(anonymous_48)
FNDA:0,(anonymous_49)
FNDA:0,openEditModal
FNDA:0,(anonymous_51)
FNDA:0,(anonymous_52)
FNDA:0,getLocationAndFill
FNDA:0,(anonymous_54)
FNDA:0,(anonymous_55)
FNDA:2,initializeLogs
FNDA:0,loadFavorites
FNDA:0,renderFavorites
FNDA:0,(anonymous_59)
FNDA:0,(anonymous_60)
FNDA:0,renderFavoritesForm
FNDA:0,(anonymous_62)
FNDA:5,capitalize
DA:4,3
DA:8,3
DA:12,3
DA:16,3
DA:20,1
DA:24,1
DA:28,0
DA:32,0
DA:36,0
DA:40,0
DA:44,1
DA:48,1
DA:52,0
DA:56,1
DA:60,0
DA:64,2
DA:65,2
DA:66,2
DA:67,2
DA:73,2
DA:78,2
DA:79,0
DA:80,0
DA:86,2
DA:87,2
DA:89,0
DA:90,0
DA:91,0
DA:92,0
DA:93,0
DA:94,0
DA:95,0
DA:96,0
DA:97,0
DA:98,0
DA:99,0
DA:100,0
DA:101,0
DA:102,0
DA:103,0
DA:106,0
DA:107,0
DA:108,0
DA:109,0
DA:110,0
DA:113,0
DA:114,0
DA:118,0
DA:119,0
DA:120,0
DA:125,0
DA:126,0
DA:128,0
DA:129,0
DA:131,0
DA:132,0
DA:133,0
DA:134,0
DA:135,0
DA:137,0
DA:143,0
DA:145,0
DA:146,0
DA:147,0
DA:153,0
DA:156,0
DA:157,0
DA:161,0
DA:162,0
DA:163,0
DA:165,0
DA:166,0
DA:167,0
DA:169,0
DA:170,0
DA:173,0
DA:174,0
DA:178,0
DA:179,0
DA:181,0
DA:182,0
DA:183,0
DA:184,0
DA:186,0
DA:194,0
DA:195,0
DA:196,0
DA:197,0
DA:201,0
DA:202,0
DA:204,0
DA:205,0
DA:207,0
DA:215,0
DA:216,0
DA:217,0
DA:218,0
DA:222,0
DA:223,0
DA:224,0
DA:225,0
DA:231,0
DA:237,0
DA:241,0
DA:242,0
DA:244,0
DA:246,0
DA:248,0
DA:249,0
DA:251,0
DA:260,0
DA:261,0
DA:264,0
DA:265,0
DA:266,0
DA:267,0
DA:268,0
DA:272,0
DA:273,0
DA:274,0
DA:276,0
DA:277,0
DA:278,0
DA:280,0
DA:281,0
DA:282,0
DA:284,0
DA:285,0
DA:286,0
DA:287,0
DA:288,0
DA:290,0
DA:291,0
DA:294,0
DA:295,0
DA:297,0
DA:298,0
DA:300,0
DA:303,0
DA:307,0
DA:308,0
DA:310,0
DA:311,0
DA:315,0
DA:316,0
DA:317,0
DA:320,0
DA:321,0
DA:324,0
DA:325,0
DA:326,0
DA:327,0
DA:333,0
DA:336,0
DA:337,0
DA:338,0
DA:339,0
DA:344,0
DA:345,0
DA:349,0
DA:350,0
DA:351,0
DA:355,0
DA:356,0
DA:357,0
DA:361,0
DA:362,0
DA:363,0
DA:368,0
DA:373,0
DA:374,0
DA:375,0
DA:376,0
DA:377,0
DA:378,0
DA:384,1
DA:389,0
DA:390,0
DA:392,0
DA:393,0
DA:402,0
DA:410,0
DA:415,2
DA:417,2
DA:418,2
DA:419,2
DA:421,2
DA:422,2
DA:425,0
DA:426,0
DA:427,0
DA:431,0
DA:432,0
DA:433,0
DA:437,0
DA:438,0
DA:443,0
DA:444,0
DA:445,0
DA:446,0
DA:448,0
DA:449,0
DA:450,0
DA:451,0
DA:453,0
DA:454,0
DA:464,0
DA:475,0
DA:479,0
DA:480,0
DA:481,0
DA:489,0
DA:490,0
DA:491,0
DA:493,0
DA:495,0
DA:496,0
DA:497,0
DA:498,0
DA:499,0
DA:501,0
DA:502,0
DA:523,0
DA:553,0
DA:557,0
DA:558,0
DA:559,0
DA:561,0
DA:562,0
DA:564,0
DA:565,0
DA:568,0
DA:569,0
DA:577,2
DA:578,2
DA:579,2
DA:580,2
DA:584,2
DA:587,0
DA:588,0
DA:592,0
DA:593,0
DA:594,0
DA:595,0
DA:596,0
DA:597,0
DA:598,0
DA:600,0
DA:603,0
DA:606,0
DA:609,0
DA:613,0
DA:618,0
DA:619,0
DA:620,0
DA:621,0
DA:622,0
DA:628,0
DA:633,5
DA:634,2
LF:260
LH:31
BRDA:8,0,0,3
BRDA:8,0,1,0
BRDA:16,1,0,3
BRDA:16,1,1,0
BRDA:48,2,0,1
BRDA:48,2,1,0
BRDA:73,3,0,2
BRDA:73,3,1,0
BRDA:74,4,0,2
BRDA:74,4,1,2
BRDA:74,4,2,2
BRDA:79,5,0,0
BRDA:79,5,1,0
BRDA:79,6,0,0
BRDA:79,6,1,0
BRDA:87,7,0,2
BRDA:87,7,1,0
BRDA:119,8,0,0
BRDA:119,8,1,0
BRDA:131,9,0,0
BRDA:131,9,1,0
BRDA:165,10,0,0
BRDA:165,10,1,0
BRDA:241,11,0,0
BRDA:241,11,1,0
BRDA:274,12,0,0
BRDA:274,12,1,0
BRDA:280,13,0,0
BRDA:280,13,1,0
BRDA:282,14,0,0
BRDA:282,14,1,0
BRDA:282,15,0,0
BRDA:282,15,1,0
BRDA:350,16,0,0
BRDA:350,16,1,0
BRDA:362,17,0,0
BRDA:362,17,1,0
BRDA:374,18,0,0
BRDA:374,18,1,0
BRDA:392,19,0,0
BRDA:392,19,1,0
BRDA:396,20,0,0
BRDA:396,20,1,0
BRDA:397,21,0,0
BRDA:397,21,1,0
BRDA:415,22,0,0
BRDA:415,22,1,2
BRDA:415,23,0,2
BRDA:415,23,1,2
BRDA:421,24,0,2
BRDA:421,24,1,0
BRDA:421,25,0,2
BRDA:421,25,1,0
BRDA:421,25,2,0
BRDA:453,26,0,0
BRDA:453,26,1,0
BRDA:489,27,0,0
BRDA:489,27,1,0
BRDA:493,28,0,0
BRDA:493,28,1,0
BRDA:501,29,0,0
BRDA:501,29,1,0
BRDA:513,30,0,0
BRDA:513,30,1,0
BRDA:519,31,0,0
BRDA:519,31,1,0
BRDA:526,32,0,0
BRDA:526,32,1,0
BRDA:531,33,0,0
BRDA:531,33,1,0
BRDA:532,34,0,0
BRDA:532,34,1,0
BRDA:538,35,0,0
BRDA:538,35,1,0
BRDA:539,36,0,0
BRDA:539,36,1,0
BRDA:545,37,0,0
BRDA:545,37,1,0
BRDA:546,38,0,0
BRDA:546,38,1,0
BRDA:547,39,0,0
BRDA:547,39,1,0
BRDA:557,40,0,0
BRDA:557,40,1,0
BRDA:579,41,0,2
BRDA:579,41,1,0
BRDA:579,42,0,2
BRDA:579,42,1,2
BRDA:633,43,0,3
BRDA:633,43,1,2
BRF:90
BRH:18
end_of_record
